Flutter crash report.
Please report a bug at https://github.com/flutter/flutter/issues.

## command

flutter run --machine --target lib/main.dart -d 00008030-001978803CD0802E --track-widget-creation --start-paused --web-server-debug-protocol ws --web-allow-expose-url

## exception

ArgumentError: Invalid argument(s): Cannot find executable for /Users/carloscastro/Desktop/flutter/bin/cache/artifacts/ios-deploy/ios-deploy.

```
#0      _getExecutable (package:process/src/interface/local_process_manager.dart:127:5)
#1      LocalProcessManager.start (package:process/src/interface/local_process_manager.dart:43:30)
#2      _DefaultProcessUtils.start (package:flutter_tools/src/base/process.dart:462:28)
#3      _DefaultProcessUtils.stream (package:flutter_tools/src/base/process.dart:480:35)
#4      IOSDeploy.runApp (package:flutter_tools/src/ios/ios_deploy.dart:136:26)
#5      IOSDevice.startApp (package:flutter_tools/src/ios/devices.dart:411:55)
#6      _rootRunUnary (dart:async/zone.dart:1198:47)
#7      _CustomZone.runUnary (dart:async/zone.dart:1100:19)
#8      _FutureListener.handleValue (dart:async/future_impl.dart:143:18)
#9      Future._propagateToListeners.handleValueCallback (dart:async/future_impl.dart:696:45)
#10     Future._propagateToListeners (dart:async/future_impl.dart:725:32)
#11     Future._completeWithValue (dart:async/future_impl.dart:529:5)
#12     _AsyncAwaitCompleter.complete (dart:async-patch/async_patch.dart:40:15)
#13     _completeOnAsyncReturn (dart:async-patch/async_patch.dart:311:13)
#14     buildXcodeProject (package:flutter_tools/src/ios/mac.dart)
#15     _rootRunUnary (dart:async/zone.dart:1198:47)
#16     _CustomZone.runUnary (dart:async/zone.dart:1100:19)
#17     _FutureListener.handleValue (dart:async/future_impl.dart:143:18)
#18     Future._propagateToListeners.handleValueCallback (dart:async/future_impl.dart:696:45)
#19     Future._propagateToListeners (dart:async/future_impl.dart:725:32)
#20     Future._completeWithValue (dart:async/future_impl.dart:529:5)
#21     _AsyncAwaitCompleter.complete (dart:async-patch/async_patch.dart:40:15)
#22     _completeOnAsyncReturn (dart:async-patch/async_patch.dart:311:13)
#23     _DefaultProcessUtils.run (package:flutter_tools/src/base/process.dart)
#24     _rootRunUnary (dart:async/zone.dart:1198:47)
#25     _CustomZone.runUnary (dart:async/zone.dart:1100:19)
#26     _FutureListener.handleValue (dart:async/future_impl.dart:143:18)
#27     Future._propagateToListeners.handleValueCallback (dart:async/future_impl.dart:696:45)
#28     Future._propagateToListeners (dart:async/future_impl.dart:725:32)
#29     Future._completeWithValue (dart:async/future_impl.dart:529:5)
#30     Future.wait.<anonymous closure> (dart:async/future.dart:409:22)
#31     _rootRunUnary (dart:async/zone.dart:1198:47)
#32     _CustomZone.runUnary (dart:async/zone.dart:1100:19)
#33     _FutureListener.handleValue (dart:async/future_impl.dart:143:18)
#34     Future._propagateToListeners.handleValueCallback (dart:async/future_impl.dart:696:45)
#35     Future._propagateToListeners (dart:async/future_impl.dart:725:32)
#36     Future._complete (dart:async/future_impl.dart:519:7)
#37     _BufferingStreamSubscription.asFuture.<anonymous closure> (dart:async/stream_impl.dart:228:14)
#38     _rootRun (dart:async/zone.dart:1182:47)
#39     _CustomZone.run (dart:async/zone.dart:1093:19)
#40     _CustomZone.runGuarded (dart:async/zone.dart:997:7)
#41     _BufferingStreamSubscription._sendDone.sendDone (dart:async/stream_impl.dart:410:13)
#42     _BufferingStreamSubscription._sendDone (dart:async/stream_impl.dart:420:15)
#43     _BufferingStreamSubscription._close (dart:async/stream_impl.dart:305:7)
#44     _SinkTransformerStreamSubscription._close (dart:async/stream_transformers.dart:97:11)
#45     _EventSinkWrapper.close (dart:async/stream_transformers.dart:23:11)
#46     _StringAdapterSink.close (dart:convert/string_conversion.dart:251:11)
#47     _Utf8ConversionSink.close (dart:convert/string_conversion.dart:305:20)
#48     _ConverterStreamEventSink.close (dart:convert/chunked_conversion.dart:82:18)
#49     _SinkTransformerStreamSubscription._handleDone (dart:async/stream_transformers.dart:142:24)
#50     _rootRun (dart:async/zone.dart:1182:47)
#51     _CustomZone.run (dart:async/zone.dart:1093:19)
#52     _CustomZone.runGuarded (dart:async/zone.dart:997:7)
#53     _BufferingStreamSubscription._sendDone.sendDone (dart:async/stream_impl.dart:410:13)
#54     _BufferingStreamSubscription._sendDone (dart:async/stream_impl.dart:420:15)
#55     _BufferingStreamSubscription._close (dart:async/stream_impl.dart:305:7)
#56     _SyncStreamControllerDispatch._sendDone (dart:async/stream_controller.dart:792:19)
#57     _StreamController._closeUnchecked (dart:async/stream_controller.dart:644:7)
#58     _StreamController.close (dart:async/stream_controller.dart:637:5)
#59     _Socket._onData (dart:io-patch/socket_patch.dart:2027:21)
#60     _rootRunUnary (dart:async/zone.dart:1206:13)
#61     _CustomZone.runUnary (dart:async/zone.dart:1100:19)
#62     _CustomZone.runUnaryGuarded (dart:async/zone.dart:1005:7)
#63     _BufferingStreamSubscription._sendData (dart:async/stream_impl.dart:357:11)
#64     _BufferingStreamSubscription._add (dart:async/stream_impl.dart:285:7)
#65     _SyncStreamControllerDispatch._sendData (dart:async/stream_controller.dart:784:19)
#66     _StreamController._add (dart:async/stream_controller.dart:655:7)
#67     _StreamController.add (dart:async/stream_controller.dart:597:5)
#68     new _RawSocket.<anonymous closure> (dart:io-patch/socket_patch.dart:1563:35)
#69     _NativeSocket.issueReadEvent.issue (dart:io-patch/socket_patch.dart:1045:18)
#70     _microtaskLoop (dart:async/schedule_microtask.dart:41:21)
#71     _startMicrotaskLoop (dart:async/schedule_microtask.dart:50:5)
#72     _runPendingImmediateCallback (dart:isolate-patch/isolate_patch.dart:118:13)
#73     _RawReceivePortImpl._handleMessage (dart:isolate-patch/isolate_patch.dart:169:5)
```

## flutter doctor

```
[✓] Flutter (Channel master, 1.19.0-6.0.pre.39, on Mac OS X 10.15.5 19F101, locale pt-BR)
    • Flutter version 1.19.0-6.0.pre.39 at /Users/carloscastro/Desktop/flutter
    • Framework revision 9037ccd355 (2 hours ago), 2020-06-09 12:38:01 -0700
    • Engine revision 6fd3356715
    • Dart version 2.9.0 (build 2.9.0-13.0.dev df435c9235)

[✓] Android toolchain - develop for Android devices (Android SDK version 29.0.3)
    • Android SDK at /Users/carloscastro/Library/Android/sdk
    • Platform android-29, build-tools 29.0.3
    • Java binary at: /Applications/Android Studio.app/Contents/jre/jdk/Contents/Home/bin/java
    • Java version OpenJDK Runtime Environment (build 1.8.0_242-release-1644-b3-6222593)
    • All Android licenses accepted.

[✓] Xcode - develop for iOS and macOS (Xcode 11.5)
    • Xcode at /Applications/Xcode.app/Contents/Developer
    • Xcode 11.5, Build version 11E608c
    • CocoaPods version 1.9.3

[✓] Android Studio (version 4.0)
    • Android Studio at /Applications/Android Studio.app/Contents
    • Flutter plugin version 46.0.2
    • Dart plugin version 193.7361
    • Java version OpenJDK Runtime Environment (build 1.8.0_242-release-1644-b3-6222593)

[✓] VS Code (version 1.45.1)
    • VS Code at /Users/carloscastro/Applications/Visual Studio Code.app/Contents
    • Flutter extension version 3.11.0

[✓] Connected device (2 available)
    • Criativa eventos  • 00008030-001978803CD0802E            • ios • iOS 13.4.1
    • iPhone 11         • F5DA183A-A0C6-40AC-AA9A-CD294C96E55F • ios • com.apple.CoreSimulator.SimRuntime.iOS-13-5 (simulator)

• No issues found!
```
